\BOOKMARK [0][-]{chapter*.2}{\376\377\000S\000e\000z\000n\000a\000m\000\040\000p\000o\000u\001\176\000i\000t\000\375\000c\000h\000\040\000s\000y\000m\000b\000o\000l\001\157\000\040\000a\000\040\000z\000k\000r\000a\000t\000e\000k}{}% 1
\BOOKMARK [0][-]{chapter*.3}{\376\377\000S\000e\000z\000n\000a\000m\000\040\000o\000b\000r\000\341\000z\000k\001\157}{}% 2
\BOOKMARK [0][-]{chapter*.4}{\376\377\000S\000e\000z\000n\000a\000m\000\040\000t\000a\000b\000u\000l\000e\000k}{}% 3
\BOOKMARK [0][-]{chapter.1}{\376\377\000S\000e\000z\000n\000\341\000m\000e\000n\000\355}{}% 4
\BOOKMARK [0][-]{chapter.2}{\376\377\000Z\000p\000r\000a\000c\000o\000v\000\341\000n\000\355\000\040\000p\001\131\000i\000r\000o\000z\000e\000n\000\351\000h\000o\000\040\000j\000a\000z\000y\000k\000a}{}% 5
\BOOKMARK [1][-]{section.2.1}{\376\377\000M\000e\000t\000o\000d\000y\000\040\000a\000n\000a\000l\000\375\000z\000y\000\040\000t\000e\000x\000t\000u}{chapter.2}% 6
\BOOKMARK [1][-]{section.2.2}{\376\377\000O\000n\000e\000-\000h\000o\000t\000\040\000k\000\363\000d\000o\000v\000\341\000n\000\355}{chapter.2}% 7
\BOOKMARK [1][-]{section.2.3}{\376\377\000V\000k\000l\000\341\000d\000\341\000n\000\355\000\040\000s\000l\000o\000v}{chapter.2}% 8
\BOOKMARK [1][-]{section.2.4}{\376\377\000W\000o\000r\000d\0002\000V\000e\000c}{chapter.2}% 9
\BOOKMARK [1][-]{section.2.5}{\376\377\000G\000l\000o\000V\000e}{chapter.2}% 10
\BOOKMARK [1][-]{section.2.6}{\376\377\000S\000e\000n\000t\000i\000m\000e\000n\000t\000\341\000l\000n\000\355\000\040\000a\000n\000a\000l\000\375\000z\000a}{chapter.2}% 11
\BOOKMARK [0][-]{chapter.3}{\376\377\000N\000e\000u\000r\000o\000n\000o\000v\000\351\000\040\000s\000\355\000t\001\033}{}% 12
\BOOKMARK [1][-]{section.3.1}{\376\377\000U\001\015\000e\000n\000\355\000\040\000n\000e\000u\000r\000o\000n\000o\000v\000\351\000\040\000s\000\355\000t\001\033}{chapter.3}% 13
\BOOKMARK [1][-]{section.3.2}{\376\377\000R\000e\000k\000u\000r\000e\000n\000t\000n\000\355\000\040\000n\000e\000u\000r\000o\000n\000o\000v\000\351\000\040\000s\000\355\000t\001\033}{chapter.3}% 14
\BOOKMARK [1][-]{section.3.3}{\376\377\000L\000o\000n\000g\000\040\000S\000h\000o\000r\000t\000-\000T\000e\000r\000m\000\040\000M\000e\000m\000o\000r\000y}{chapter.3}% 15
\BOOKMARK [1][-]{section.3.4}{\376\377\000G\000a\000t\000e\000d\000\040\000R\000e\000c\000u\000r\000r\000e\000n\000t\000\040\000U\000n\000i\000t}{chapter.3}% 16
\BOOKMARK [0][-]{chapter.4}{\376\377\000P\000o\000p\000i\000s\000\040\000s\000\355\000t\001\033\000\040\000T\000r\000a\000n\000s\000f\000o\000r\000m\000e\000r}{}% 17
\BOOKMARK [1][-]{section.4.1}{\376\377\000V\000l\000a\000s\000t\000n\000o\000s\000t\000i}{chapter.4}% 18
\BOOKMARK [1][-]{section.4.2}{\376\377\000A\000r\000c\000h\000i\000t\000e\000k\000t\000u\000r\000a}{chapter.4}% 19
\BOOKMARK [1][-]{section.4.3}{\376\377\000T\000r\000\351\000n\000o\000v\000\341\000n\000\355\000\040\000m\000o\000d\000e\000l\000u}{chapter.4}% 20
\BOOKMARK [1][-]{section.4.4}{\376\377\000A\000p\000l\000i\000k\000o\000v\000\341\000n\000\355}{chapter.4}% 21
\BOOKMARK [1][-]{section.4.5}{\376\377\000B\000E\000R\000T}{chapter.4}% 22
\BOOKMARK [0][-]{chapter.5}{\376\377\000D\000e\000t\000e\000k\000c\000e\000\040\000s\000t\000r\000o\000j\000o\000v\001\033\000\040\000p\001\131\000e\000l\000o\001\176\000e\000n\000\375\000c\000h\000\040\000t\000e\000x\000t\001\157}{}% 23
\BOOKMARK [1][-]{section.5.1}{\376\377\000P\000o\000s\000t\000u\000p\000\040\000p\000r\000o\000\040\000v\000y\000t\000v\000o\001\131\000e\000n\000\355\000\040\000k\000l\000a\000s\000i\000f\000i\000k\000\341\000t\000o\000r\001\157}{chapter.5}% 24
\BOOKMARK [1][-]{section.5.2}{\376\377\000V\000\375\000s\000l\000e\000d\000n\000\351\000\040\000k\000l\000a\000s\000i\000f\000i\000k\000\341\000t\000o\000r\000y\000\040\000a\000n\000g\000l\000i\000c\000k\000\351\000h\000o\000\040\000d\000a\000t\000a\000s\000e\000t\000u}{chapter.5}% 25
\BOOKMARK [1][-]{section.5.3}{\376\377\000V\000\375\000s\000l\000e\000d\000n\000\351\000\040\000k\000l\000a\000s\000i\000f\000i\000k\000\341\000t\000o\000r\000y\000\040\000v\000\355\000c\000e\000\040\000j\000a\000z\000y\001\015\000n\000\351\000h\000o\000\040\000d\000a\000t\000a\000s\000e\000t\000u}{chapter.5}% 26
\BOOKMARK [1][-]{section.5.4}{\376\377\000P\000o\000r\000o\000v\000n\000\341\000n\000\355\000\040\000k\000l\000a\000s\000i\000f\000i\000k\000\341\000t\000o\000r\001\157}{chapter.5}% 27
\BOOKMARK [0][-]{chapter.6}{\376\377\000Z\000\341\000v\001\033\000r\000\040\000d\000i\000p\000l\000o\000m\000o\000v\000\351\000\040\000p\000r\000\341\000c\000e}{}% 28
\BOOKMARK [1][-]{section.6.1}{\376\377\000M\000o\001\176\000n\000\341\000\040\000v\000y\000l\000e\000p\001\141\000e\000n\000\355}{chapter.6}% 29
\BOOKMARK [1][-]{section.6.2}{\376\377\000Z\000k\000u\001\141\000e\000n\000o\000s\000t}{chapter.6}% 30
\BOOKMARK [0][-]{chapter*.81}{\376\377\000L\000i\000t\000e\000r\000a\000t\000u\000r\000a}{}% 31
